<?xml version="1.0" encoding="UTF-8"?>
<testsuite xmlns:xsi="http://www.w3.org/2001/XMLSchema-instance" xsi:noNamespaceSchemaLocation="https://maven.apache.org/surefire/maven-surefire-plugin/xsd/surefire-test-report-3.0.xsd" version="3.0" name="com.gcu.topic22.Topic22ApplicationTests" time="4.237" tests="1" errors="0" skipped="0" failures="0">
  <properties>
[...]
</properties>
  <testcase name="contextLoads" classname="com.gcu.topic22.Topic22ApplicationTests" time="1.154">
    <system-out><![CDATA[07:13:48.549 [main] INFO org.springframework.test.context.support.AnnotationConfigContextLoaderUtils -- Could not detect default configuration classes for test class [com.gcu.topic22.Topic22ApplicationTests]: Topic22ApplicationTests does not declare any static, non-private, non-final, nested classes annotated with @Configuration.
07:13:48.659 [main] INFO org.springframework.boot.test.context.SpringBootTestContextBootstrapper -- Found @SpringBootConfiguration com.gcu.topic22.Topic22Application for test class com.gcu.topic22.Topic22ApplicationTests

  .   ____          _            __ _ _
 /\\ / ___'_ __ _ _(_)_ __  __ _ \ \ \ \
( ( )\___ | '_ | '_| | '_ \/ _` | \ \ \ \
 \\/  ___)| |_)| | | | | || (_| |  ) ) ) )
  '  |____| .__|_| |_|_| |_\__, | / / / /
 =========|_|==============|___/=/_/_/_/
 :: Spring Boot ::                (v3.1.3)

2023-09-26T07:13:49.233-07:00  INFO 34180 --- [           main] c.gcu.topic22.Topic22ApplicationTests    : Starting Topic22ApplicationTests using Java 20.0.2 with PID 34180 (started by WORK in C:\Users\ASUS\Documents\CST-339\topic2-2)
2023-09-26T07:13:49.234-07:00  INFO 34180 --- [           main] c.gcu.topic22.Topic22ApplicationTests    : No active profile set, falling back to 1 default profile: "default"
2023-09-26T07:13:51.393-07:00  INFO 34180 --- [           main] c.gcu.topic22.Topic22ApplicationTests    : Started Topic22ApplicationTests in 2.547 seconds (process running for 3.785)
]]></system-out>
  </testcase>
</testsuite>